<?xml version="1.0" encoding="UTF-8"?>
<!-- Generated by org.testng.reporters.JUnitReportReporter -->
<testsuite hostname="DESKTOP-C2I0Q31" failures="0" tests="3" name="com.pa.qa.testcases.HomePageTest" time="286.908" errors="0" timestamp="26 Dec 2019 04:38:16 GMT" skipped="0">
  <testcase classname="com.pa.qa.testcases.HomePageTest" name="HomePageSlidesTest" time="88.370"/>
  <testcase classname="com.pa.qa.testcases.HomePageTest" name="HomePageArrivalsTest" time="119.643"/>
  <testcase classname="com.pa.qa.testcases.HomePageTest" name="HomePageNewArrivalsNavigateTest" time="78.895"/>
</testsuite> <!-- com.pa.qa.testcases.HomePageTest -->
