<?xml version="1.0" encoding="UTF-8"?>
<!-- Generated by org.testng.reporters.JUnitReportReporter -->
<testsuite hostname="DESKTOP-C2I0Q31" failures="0" tests="1" name="com.pa.qa.testcases.DataBaseTest" time="190.997" errors="0" timestamp="26 Dec 2019 08:31:44 GMT" skipped="0">
  <testcase classname="com.pa.qa.testcases.DataBaseTest" name="HomePage" time="190.997"/>
</testsuite> <!-- com.pa.qa.testcases.DataBaseTest -->
